<?xml version="1.0" encoding="UTF-8"?>
<!-- Generated by org.testng.reporters.JUnitXMLReporter -->
<testsuite ignored="0" hostname="C02G99UAMD6M.local" failures="0" tests="2" name="Command line test" time="7.729" errors="0" timestamp="2022-11-18T11:40:26 BRT">
  <testcase classname="io.cucumber.testng.AbstractTestNGCucumberTests" name="runScenario" time="2.993"/>
  <testcase classname="io.cucumber.testng.AbstractTestNGCucumberTests" name="runScenario" time="1.737"/>
</testsuite> <!-- Command line test -->
