<?xml version="1.0" encoding="UTF-8"?>
<testng-results ignored="0" total="2" passed="2" failed="0" skipped="0">
  <reporter-output>
  </reporter-output>
  <suite started-at="2022-11-18T11:40:14 BRT" name="testRunner.TestRun" finished-at="2022-11-18T11:40:21 BRT" duration-ms="7729">
    <groups>
      <group name="cucumber">
        <method signature="AbstractTestNGCucumberTests.runScenario(io.cucumber.testng.PickleWrapper,io.cucumber.testng.FeatureWrapper)[pri:0, instance:testRunner.TestRun@73a1e9a9]" name="runScenario" class="io.cucumber.testng.AbstractTestNGCucumberTests"/>
      </group> <!-- cucumber -->
    </groups>
    <test started-at="2022-11-18T11:40:14 BRT" name="Command line test" finished-at="2022-11-18T11:40:21 BRT" duration-ms="7729">
      <class name="testRunner.TestRun">
        <test-method is-config="true" signature="setUpClass()[pri:0, instance:testRunner.TestRun@73a1e9a9]" started-at="2022-11-18T11:40:14 BRT" name="setUpClass" finished-at="2022-11-18T11:40:14 BRT" duration-ms="306" status="PASS">
          <reporter-output>
          </reporter-output>
        </test-method> <!-- setUpClass -->
        <test-method signature="runScenario(io.cucumber.testng.PickleWrapper,io.cucumber.testng.FeatureWrapper)[pri:0, instance:testRunner.TestRun@73a1e9a9]" started-at="2022-11-18T11:40:14 BRT" name="runScenario" description="Runs Cucumber Scenarios" data-provider="scenarios" finished-at="2022-11-18T11:40:17 BRT" duration-ms="2993" status="PASS">
          <params>
            <param index="0">
              <value>
                <![CDATA["Verify success autentication"]]>
              </value>
            </param>
            <param index="1">
              <value>
                <![CDATA["Optional[autenticacao]"]]>
              </value>
            </param>
          </params>
          <reporter-output>
          </reporter-output>
        </test-method> <!-- runScenario -->
        <test-method signature="runScenario(io.cucumber.testng.PickleWrapper,io.cucumber.testng.FeatureWrapper)[pri:0, instance:testRunner.TestRun@73a1e9a9]" started-at="2022-11-18T11:40:17 BRT" name="runScenario" description="Runs Cucumber Scenarios" data-provider="scenarios" finished-at="2022-11-18T11:40:19 BRT" duration-ms="1737" status="PASS">
          <params>
            <param index="0">
              <value>
                <![CDATA["Verify user not found"]]>
              </value>
            </param>
            <param index="1">
              <value>
                <![CDATA["Optional[autenticacao]"]]>
              </value>
            </param>
          </params>
          <reporter-output>
          </reporter-output>
        </test-method> <!-- runScenario -->
        <test-method is-config="true" signature="tearDownClass()[pri:0, instance:testRunner.TestRun@73a1e9a9]" started-at="2022-11-18T11:40:19 BRT" name="tearDownClass" finished-at="2022-11-18T11:40:21 BRT" duration-ms="2670" status="PASS">
          <reporter-output>
          </reporter-output>
        </test-method> <!-- tearDownClass -->
      </class> <!-- testRunner.TestRun -->
    </test> <!-- Command line test -->
  </suite> <!-- testRunner.TestRun -->
</testng-results>
